<?xml version="1.0" encoding="UTF-8"?>
<testsuite xmlns:xsi="http://www.w3.org/2001/XMLSchema-instance" xsi:noNamespaceSchemaLocation="https://maven.apache.org/surefire/maven-surefire-plugin/xsd/surefire-test-report.xsd" version="3.0.2" name="com.scspd.backend.BackendApplicationTests" time="20.062" tests="1" errors="0" skipped="0" failures="0">
  <properties>
[...]
</properties>
  <testcase name="contextLoads" classname="com.scspd.backend.BackendApplicationTests" time="2.141">
    <system-out><![CDATA[19:32:48.567 [main] INFO org.springframework.test.context.support.AnnotationConfigContextLoaderUtils -- Could not detect default configuration classes for test class [com.scspd.backend.BackendApplicationTests]: BackendApplicationTests does not declare any static, non-private, non-final, nested classes annotated with @Configuration.
19:32:49.481 [main] INFO org.springframework.boot.test.context.SpringBootTestContextBootstrapper -- Found @SpringBootConfiguration com.scspd.backend.BackendApplication for test class com.scspd.backend.BackendApplicationTests
19:32:50.058 [main] INFO org.springframework.boot.devtools.restart.RestartApplicationListener -- Restart disabled due to context in which it is running

  .   ____          _            __ _ _
 /\\ / ___'_ __ _ _(_)_ __  __ _ \ \ \ \
( ( )\___ | '_ | '_| | '_ \/ _` | \ \ \ \
 \\/  ___)| |_)| | | | | || (_| |  ) ) ) )
  '  |____| .__|_| |_|_| |_\__, | / / / /
 =========|_|==============|___/=/_/_/_/

 :: Spring Boot ::                (v3.4.2)

2025-06-05T19:32:51.151-06:00  INFO 2504 --- [backend] [           main] c.scspd.backend.BackendApplicationTests  : Starting BackendApplicationTests using Java 22.0.2 with PID 2504 (started by SebastianColin in D:\Users\Documentos\8vo\PRACTICAS\authentication\backendSESEAZ)
2025-06-05T19:32:51.155-06:00  INFO 2504 --- [backend] [           main] c.scspd.backend.BackendApplicationTests  : No active profile set, falling back to 1 default profile: "default"
2025-06-05T19:32:54.632-06:00  INFO 2504 --- [backend] [           main] .s.d.r.c.RepositoryConfigurationDelegate : Bootstrapping Spring Data MongoDB repositories in DEFAULT mode.
2025-06-05T19:32:54.872-06:00  INFO 2504 --- [backend] [           main] .s.d.r.c.RepositoryConfigurationDelegate : Finished Spring Data repository scanning in 210 ms. Found 6 MongoDB repository interfaces.
2025-06-05T19:33:00.744-06:00  INFO 2504 --- [backend] [m2y.mongodb.net] org.mongodb.driver.cluster               : Adding discovered server scspd-shard-00-00.lom2y.mongodb.net:27017 to client view of cluster
2025-06-05T19:33:00.873-06:00  INFO 2504 --- [backend] [           main] org.mongodb.driver.client                : MongoClient with metadata {"application": {"name": "SCSPD"}, "driver": {"name": "mongo-java-driver|sync|spring-boot", "version": "5.3.0"}, "os": {"type": "Windows", "name": "Windows 11", "architecture": "amd64", "version": "10.0"}, "platform": "Java/Oracle Corporation/22.0.2+9-70"} created with settings MongoClientSettings{readPreference=primary, writeConcern=WriteConcern{w=majority, wTimeout=null ms, journal=null}, retryWrites=true, retryReads=true, readConcern=ReadConcern{level=null}, credential=MongoCredential{mechanism=null, userName='colin', source='admin', password=<hidden>, mechanismProperties=<hidden>}, transportSettings=null, commandListeners=[], codecRegistry=ProvidersCodecRegistry{codecProviders=[ValueCodecProvider{}, BsonValueCodecProvider{}, DBRefCodecProvider{}, DBObjectCodecProvider{}, DocumentCodecProvider{}, CollectionCodecProvider{}, IterableCodecProvider{}, MapCodecProvider{}, GeoJsonCodecProvider{}, GridFSFileCodecProvider{}, Jsr310CodecProvider{}, JsonObjectCodecProvider{}, BsonCodecProvider{}, EnumCodecProvider{}, com.mongodb.client.model.mql.ExpressionCodecProvider@1d3c112a, com.mongodb.Jep395RecordCodecProvider@2a140ce5, com.mongodb.KotlinCodecProvider@1f71194d]}, loggerSettings=LoggerSettings{maxDocumentLength=1000}, clusterSettings={hosts=[127.0.0.1:27017], srvHost=scspd.lom2y.mongodb.net, srvServiceName=mongodb, mode=MULTIPLE, requiredClusterType=REPLICA_SET, requiredReplicaSetName='atlas-1ip7z1-shard-0', serverSelector='null', clusterListeners='[]', serverSelectionTimeout='30000 ms', localThreshold='15 ms'}, socketSettings=SocketSettings{connectTimeoutMS=10000, readTimeoutMS=0, receiveBufferSize=0, proxySettings=ProxySettings{host=null, port=null, username=null, password=null}}, heartbeatSocketSettings=SocketSettings{connectTimeoutMS=10000, readTimeoutMS=10000, receiveBufferSize=0, proxySettings=ProxySettings{host=null, port=null, username=null, password=null}}, connectionPoolSettings=ConnectionPoolSettings{maxSize=100, minSize=0, maxWaitTimeMS=120000, maxConnectionLifeTimeMS=0, maxConnectionIdleTimeMS=0, maintenanceInitialDelayMS=0, maintenanceFrequencyMS=60000, connectionPoolListeners=[], maxConnecting=2}, serverSettings=ServerSettings{heartbeatFrequencyMS=10000, minHeartbeatFrequencyMS=500, serverMonitoringMode=AUTO, serverListeners='[]', serverMonitorListeners='[]'}, sslSettings=SslSettings{enabled=true, invalidHostNameAllowed=false, context=null}, applicationName='SCSPD', compressorList=[], uuidRepresentation=JAVA_LEGACY, serverApi=null, autoEncryptionSettings=null, dnsClient=null, inetAddressResolver=null, contextProvider=null, timeoutMS=null}
2025-06-05T19:33:00.923-06:00  INFO 2504 --- [backend] [m2y.mongodb.net] org.mongodb.driver.cluster               : Adding discovered server scspd-shard-00-02.lom2y.mongodb.net:27017 to client view of cluster
2025-06-05T19:33:00.934-06:00  INFO 2504 --- [backend] [m2y.mongodb.net] org.mongodb.driver.cluster               : Adding discovered server scspd-shard-00-01.lom2y.mongodb.net:27017 to client view of cluster
2025-06-05T19:33:03.100-06:00  INFO 2504 --- [backend] [           main] eAuthenticationProviderManagerConfigurer : Global AuthenticationManager configured with AuthenticationProvider bean with name authenticationProvider
2025-06-05T19:33:03.101-06:00  WARN 2504 --- [backend] [           main] r$InitializeUserDetailsManagerConfigurer : Global AuthenticationManager configured with an AuthenticationProvider bean. UserDetailsService beans will not be used by Spring Security for automatically configuring username/password login. Consider removing the AuthenticationProvider bean. Alternatively, consider using the UserDetailsService in a manually instantiated DaoAuthenticationProvider. If the current configuration is intentional, to turn off this warning, increase the logging level of 'org.springframework.security.config.annotation.authentication.configuration.InitializeUserDetailsBeanManagerConfigurer' to ERROR
2025-06-05T19:33:03.241-06:00  INFO 2504 --- [backend] [ngodb.net:27017] org.mongodb.driver.cluster               : Monitor thread successfully connected to server with description ServerDescription{address=scspd-shard-00-00.lom2y.mongodb.net:27017, type=REPLICA_SET_SECONDARY, cryptd=false, state=CONNECTED, ok=true, minWireVersion=0, maxWireVersion=25, maxDocumentSize=16777216, logicalSessionTimeoutMinutes=30, roundTripTimeNanos=990046500, minRoundTripTimeNanos=0, setName='atlas-1ip7z1-shard-0', canonicalAddress=scspd-shard-00-00.lom2y.mongodb.net:27017, hosts=[scspd-shard-00-02.lom2y.mongodb.net:27017, scspd-shard-00-01.lom2y.mongodb.net:27017, scspd-shard-00-00.lom2y.mongodb.net:27017], passives=[], arbiters=[], primary='scspd-shard-00-01.lom2y.mongodb.net:27017', tagSet=TagSet{[Tag{name='availabilityZone', value='use1-az6'}, Tag{name='diskState', value='READY'}, Tag{name='nodeType', value='ELECTABLE'}, Tag{name='provider', value='AWS'}, Tag{name='region', value='US_EAST_1'}, Tag{name='workloadType', value='OPERATIONAL'}]}, electionId=null, setVersion=157, topologyVersion=TopologyVersion{processId=68419e502c9f397175b9e85c, counter=4}, lastWriteDate=Thu Jun 05 19:33:03 CST 2025, lastUpdateTimeNanos=552342341351500}
2025-06-05T19:33:03.242-06:00  INFO 2504 --- [backend] [ngodb.net:27017] org.mongodb.driver.cluster               : Monitor thread successfully connected to server with description ServerDescription{address=scspd-shard-00-02.lom2y.mongodb.net:27017, type=REPLICA_SET_SECONDARY, cryptd=false, state=CONNECTED, ok=true, minWireVersion=0, maxWireVersion=25, maxDocumentSize=16777216, logicalSessionTimeoutMinutes=30, roundTripTimeNanos=989319100, minRoundTripTimeNanos=0, setName='atlas-1ip7z1-shard-0', canonicalAddress=scspd-shard-00-02.lom2y.mongodb.net:27017, hosts=[scspd-shard-00-02.lom2y.mongodb.net:27017, scspd-shard-00-01.lom2y.mongodb.net:27017, scspd-shard-00-00.lom2y.mongodb.net:27017], passives=[], arbiters=[], primary='scspd-shard-00-01.lom2y.mongodb.net:27017', tagSet=TagSet{[Tag{name='availabilityZone', value='use1-az2'}, Tag{name='diskState', value='READY'}, Tag{name='nodeType', value='ELECTABLE'}, Tag{name='provider', value='AWS'}, Tag{name='region', value='US_EAST_1'}, Tag{name='workloadType', value='OPERATIONAL'}]}, electionId=null, setVersion=157, topologyVersion=TopologyVersion{processId=6841a3f5001779af4963cca5, counter=3}, lastWriteDate=Thu Jun 05 19:33:03 CST 2025, lastUpdateTimeNanos=552342340480300}
2025-06-05T19:33:03.241-06:00  INFO 2504 --- [backend] [ngodb.net:27017] org.mongodb.driver.cluster               : Monitor thread successfully connected to server with description ServerDescription{address=scspd-shard-00-01.lom2y.mongodb.net:27017, type=REPLICA_SET_PRIMARY, cryptd=false, state=CONNECTED, ok=true, minWireVersion=0, maxWireVersion=25, maxDocumentSize=16777216, logicalSessionTimeoutMinutes=30, roundTripTimeNanos=990194400, minRoundTripTimeNanos=0, setName='atlas-1ip7z1-shard-0', canonicalAddress=scspd-shard-00-01.lom2y.mongodb.net:27017, hosts=[scspd-shard-00-02.lom2y.mongodb.net:27017, scspd-shard-00-01.lom2y.mongodb.net:27017, scspd-shard-00-00.lom2y.mongodb.net:27017], passives=[], arbiters=[], primary='scspd-shard-00-01.lom2y.mongodb.net:27017', tagSet=TagSet{[Tag{name='availabilityZone', value='use1-az1'}, Tag{name='diskState', value='READY'}, Tag{name='nodeType', value='ELECTABLE'}, Tag{name='provider', value='AWS'}, Tag{name='region', value='US_EAST_1'}, Tag{name='workloadType', value='OPERATIONAL'}]}, electionId=7fffffff00000000000002df, setVersion=157, topologyVersion=TopologyVersion{processId=6841a0e79b06b8f6fe9fbd01, counter=6}, lastWriteDate=Thu Jun 05 19:33:03 CST 2025, lastUpdateTimeNanos=552342341351400}
2025-06-05T19:33:03.258-06:00  INFO 2504 --- [backend] [ngodb.net:27017] org.mongodb.driver.cluster               : Discovered replica set primary scspd-shard-00-01.lom2y.mongodb.net:27017 with max election id 7fffffff00000000000002df and max set version 157
2025-06-05T19:33:05.885-06:00  INFO 2504 --- [backend] [           main] c.scspd.backend.BackendApplicationTests  : Started BackendApplicationTests in 15.864 seconds (process running for 21.662)
]]></system-out>
    <system-err><![CDATA[Mockito is currently self-attaching to enable the inline-mock-maker. This will no longer work in future releases of the JDK. Please add Mockito as an agent to your build what is described in Mockito's documentation: https://javadoc.io/doc/org.mockito/mockito-core/latest/org/mockito/Mockito.html#0.3
WARNING: A Java agent has been loaded dynamically (C:\Users\sebsc\.m2\repository\net\bytebuddy\byte-buddy-agent\1.15.11\byte-buddy-agent-1.15.11.jar)
WARNING: If a serviceability tool is in use, please run with -XX:+EnableDynamicAgentLoading to hide this warning
WARNING: If a serviceability tool is not in use, please run with -Djdk.instrument.traceUsage for more information
WARNING: Dynamic loading of agents will be disallowed by default in a future release
]]></system-err>
  </testcase>
</testsuite>